
[ â€‰â€‰â€…â€…UTCâ€…â€…â€‰â€‰ ] Logs for neuropredictor.streamlit.app/
â”€â”€â”€â”€â”€â”€â”€â”€â”€â”€â”€â”€â”€â”€â”€â”€â”€â”€â”€â”€â”€â”€â”€â”€â”€â”€â”€â”€â”€â”€â”€â”€â”€â”€â”€â”€â”€â”€â”€â”€â”€â”€â”€â”€â”€â”€â”€â”€â”€â”€â”€â”€â”€â”€â”€â”€â”€â”€â”€â”€â”€â”€â”€â”€â”€â”€â”€â”€â”€â”€â”€â”€â”€â”€â”€â”€â”€â”€â”€â”€â”€â”€â”€â”€â”€â”€â”€â”€
[07:11:55] ğŸ–¥ Provisioning machine...
[07:11:55] ğŸ› Preparing system...
[07:11:55] â›“ Spinning up manager process...
[07:11:51] ğŸš€ Starting up repository: 'neuropredictfrontend', branch: 'master', main module: 'app.py'
[07:11:51] ğŸ™ Cloning repository...
[07:11:52] ğŸ™ Cloning into '/mount/src/neuropredictfrontend'...

[07:11:52] ğŸ™ Cloned repository!
[07:11:52] ğŸ™ Pulling code changes from Github...
[07:11:52] ğŸ“¦ Processing dependencies...

â”€â”€â”€â”€â”€â”€â”€â”€â”€â”€â”€â”€â”€â”€â”€â”€â”€â”€â”€â”€â”€â”€â”€â”€â”€â”€â”€â”€â”€â”€â”€â”€â”€â”€â”€â”€â”€â”€â”€â”€ uv â”€â”€â”€â”€â”€â”€â”€â”€â”€â”€â”€â”€â”€â”€â”€â”€â”€â”€â”€â”€â”€â”€â”€â”€â”€â”€â”€â”€â”€â”€â”€â”€â”€â”€â”€â”€â”€â”€â”€â”€â”€â”€â”€

Using uv pip install.
Using Python 3.12.9 environment at /home/adminuser/venv
Resolved [2025-03-24 07:11:54.090621] 47 packages[2025-03-24 07:11:54.090845]  [2025-03-24 07:11:54.091051] in 843ms[2025-03-24 07:11:54.091276] 
  Ã— Failed to download and build `pandas==2.1.0`
  â•°â”€â–¶ Build backend failed to build wheel through `build_wheel` (exit status:
      1)

      [stdout][2025-03-24 07:13:26.437413] 
      + meson setup
      /home/adminuser/.cache/uv/sdists-v6/pypi/pandas/2.1.0/rEr_Ve-ooq5_1zV6Z7OVn/src
      /home/adminuser/.cache/uv/sdists-v6/pypi/pandas/2.1.0/rEr_Ve-ooq5_1zV6Z7OVn/src/.mesonpy-3k825mtc/build
      -Dbuildtype=release -Db_ndebug=if-release -Db_vscrt=md --vsenv
      --native-file=/home/adminuser/.cache/uv/sdists-v6/pypi/pandas/2.1.0/rEr_Ve-ooq5_1zV6Z7OVn/src/.mesonpy-3k825mtc/build/meson-python-native-file.ini
      The Meson build system
      Version: 1.0.1
      Source dir:
      /home/adminuser/.cache/uv/sdists-v6/pypi/pandas/2.1.0/rEr_Ve-ooq5_1zV6Z7OVn/src
      Build dir:
      /home/adminuser/.cache/uv/sdists-v6/pypi/pandas/2.1.0/rEr_Ve-ooq5_1zV6Z7OVn/src/.mesonpy-3k825mtc/build
      Build type: native build
      Project name: pandas
      Project version: 2.1.0
      C compiler for the host machine: cc (gcc 10.2.1 "cc (Debian 10.2.1-6)
      10.2.1 20210110")
      C linker for the host machine: cc ld.bfd 2.35.2
      C++ compiler for the host machine: c++ (gcc 10.2.1 "c++ (Debian
      10.2.1-6) 10.2.1 20210110")
      C++ linker for the host machine: c++ ld.bfd 2.35.2
      Cython compiler for the host machine: cython (cython 0.29.37)
      Host machine cpu family: x86_64
      Host machine cpu: x86_64
      Program python found: YES
      (/home/adminuser/.cache/uv/builds-v0/.tmpKnBauu/bin/python)
      Did not find pkg-config by name 'pkg-config'
      Found Pkg-config: NO
      Build targets in project: 53

      pandas 2.1.0

        User defined options
          Native files:
      /home/adminuser/.cache/uv/sdists-v6/pypi/pandas/2.1.0/rEr_Ve-ooq5_1zV6Z7OVn/src/.mesonpy-3k825mtc/build/meson-python-native-file.ini
          buildtype   : release
          b_ndebug    : if-release
          b_vscrt     : md

      Found ninja-1.11.1.git.kitware.jobserver-1 at
      /home/adminuser/.cache/uv/builds-v0/.tmpKnBauu/bin/ninja
      + /home/adminuser/.cache/uv/builds-v0/.tmpKnBauu/bin/ninja
      [1/151] Generating pandas/_libs/algos_take_helper_pxi with a custom
      command
      [2/151] Generating pandas/_libs/algos_common_helper_pxi with a custom
      command
      [3/151] Generating pandas/_libs/khash_primitive_helper_pxi with a custom
      command
      [4/151] Generating pandas/__init__.py with a custom command
      [5/151] Generating pandas/_libs/index_class_helper_pxi with a custom
      command
      [6/151] Generating pandas/_libs/intervaltree_helper_pxi with a custom
      command
      [7/151] Generating pandas/_libs/hashtable_func_helper_pxi with a custom
      command
      [8/151] Generating pandas/_libs/hashtable_class_helper_pxi with a custom
      command
      [9/151] Generating pandas/_libs/sparse_op_helper_pxi with a custom
      command
      [10/151] Compiling Cython source
      /home/adminuser/.cache/uv/sdists-v6/pypi/pandas/2.1.0/rEr_Ve-ooq5_1zV6Z7OVn/src/pandas/_libs/tslibs/base.pyx
      [11/151] Compiling Cython source
      /home/adminuser/.cache/uv/sdists-v6/pypi/pandas/2.1.0/rEr_Ve-ooq5_1zV6Z7OVn/src/pandas/_libs/tslibs/dtypes.pyx
      [12/151] Compiling C object
      pandas/_libs/tslibs/base.cpython-312-x86_64-linux-gnu.so.p/meson-generated_pandas__libs_tslibs_base.pyx.c.o
      [13/151] Compiling Cython source
      /home/adminuser/.cache/uv/sdists-v6/pypi/pandas/2.1.0/rEr_Ve-ooq5_1zV6Z7OVn/src/pandas/_libs/tslibs/ccalendar.pyx
      [14/151] Linking target
      pandas/_libs/tslibs/base.cpython-312-x86_64-linux-gnu.so
      [15/151] Compiling C object
      pandas/_libs/tslibs/parsing.cpython-312-x86_64-linux-gnu.so.p/.._src_parser_tokenizer.c.o
      [16/151] Compiling Cython source
      /home/adminuser/.cache/uv/sdists-v6/pypi/pandas/2.1.0/rEr_Ve-ooq5_1zV6Z7OVn/src/pandas/_libs/tslibs/np_datetime.pyx
      [17/151] Compiling Cython source
      /home/adminuser/.cache/uv/sdists-v6/pypi/pandas/2.1.0/rEr_Ve-ooq5_1zV6Z7OVn/src/pandas/_libs/tslibs/nattype.pyx
      [18/151] Compiling Cython source
      /home/adminuser/.cache/uv/sdists-v6/pypi/pandas/2.1.0/rEr_Ve-ooq5_1zV6Z7OVn/src/pandas/_libs/tslibs/tzconversion.pyx
      [19/151] Compiling Cython source
      /home/adminuser/.cache/uv/sdists-v6/pypi/pandas/2.1.0/rEr_Ve-ooq5_1zV6Z7OVn/src/pandas/_libs/tslibs/timezones.pyx
      [20/151] Compiling Cython source
      /home/adminuser/.cache/uv/sdists-v6/pypi/pandas/2.1.0/rEr_Ve-ooq5_1zV6Z7OVn/src/pandas/_libs/arrays.pyx
      [21/151] Compiling Cython source
      /home/adminuser/.cache/uv/sdists-v6/pypi/pandas/2.1.0/rEr_Ve-ooq5_1zV6Z7OVn/src/pandas/_libs/tslibs/offsets.pyx
      [22/151] Compiling Cython source
      /home/adminuser/.cache/uv/sdists-v6/pypi/pandas/2.1.0/rEr_Ve-ooq5_1zV6Z7OVn/src/pandas/_libs/tslibs/strptime.pyx
      [23/151] Compiling Cython source
      /home/adminuser/.cache/uv/sdists-v6/pypi/pandas/2.1.0/rEr_Ve-ooq5_1zV6Z7OVn/src/pandas/_libs/tslibs/fields.pyx
      [24/151] Compiling C object
      pandas/_libs/tslibs/ccalendar.cpython-312-x86_64-linux-gnu.so.p/meson-generated_pandas__libs_tslibs_ccalendar.pyx.c.o
      [25/151] Compiling Cython source
      /home/adminuser/.cache/uv/sdists-v6/pypi/pandas/2.1.0/rEr_Ve-ooq5_1zV6Z7OVn/src/pandas/_libs/tslibs/timedeltas.pyx
      [26/151] Compiling Cython source
      /home/adminuser/.cache/uv/sdists-v6/pypi/pandas/2.1.0/rEr_Ve-ooq5_1zV6Z7OVn/src/pandas/_libs/tslibs/conversion.pyx
      [27/151] Compiling Cython source
      /home/adminuser/.cache/uv/sdists-v6/pypi/pandas/2.1.0/rEr_Ve-ooq5_1zV6Z7OVn/src/pandas/_libs/tslibs/parsing.pyx
      [28/151] Compiling Cython source
      /home/adminuser/.cache/uv/sdists-v6/pypi/pandas/2.1.0/rEr_Ve-ooq5_1zV6Z7OVn/src/pandas/_libs/tslibs/vectorized.pyx
      [29/151] Linking target
      pandas/_libs/tslibs/ccalendar.cpython-312-x86_64-linux-gnu.so
      [30/151] Compiling Cython source
      /home/adminuser/.cache/uv/sdists-v6/pypi/pandas/2.1.0/rEr_Ve-ooq5_1zV6Z7OVn/src/pandas/_libs/tslibs/timestamps.pyx
      [31/151] Compiling Cython source
      /home/adminuser/.cache/uv/sdists-v6/pypi/pandas/2.1.0/rEr_Ve-ooq5_1zV6Z7OVn/src/pandas/_libs/tslibs/period.pyx
      [32/151] Compiling C object
      pandas/_libs/tslibs/dtypes.cpython-312-x86_64-linux-gnu.so.p/meson-generated_pandas__libs_tslibs_dtypes.pyx.c.o
      [33/151] Linking target
      pandas/_libs/tslibs/dtypes.cpython-312-x86_64-linux-gnu.so
      [34/151] Compiling C object
      pandas/_libs/arrays.cpython-312-x86_64-linux-gnu.so.p/meson-generated_pandas__libs_arrays.pyx.c.o
      [35/151] Linking target
      pandas/_libs/arrays.cpython-312-x86_64-linux-gnu.so
      [36/151] Compiling C object
      pandas/_libs/tslibs/np_datetime.cpython-312-x86_64-linux-gnu.so.p/meson-generated_pandas__libs_tslibs_np_datetime.pyx.c.o
      [37/151] Linking target
      pandas/_libs/tslibs/np_datetime.cpython-312-x86_64-linux-gnu.so
      [38/151] Compiling C object
      pandas/_libs/tslibs/nattype.cpython-312-x86_64-linux-gnu.so.p/meson-generated_pandas__libs_tslibs_nattype.pyx.c.o
      [39/151] Linking target
      pandas/_libs/tslibs/nattype.cpython-312-x86_64-linux-gnu.so
      [40/151] Compiling Cython source
      /home/adminuser/.cache/uv/sdists-v6/pypi/pandas/2.1.0/rEr_Ve-ooq5_1zV6Z7OVn/src/pandas/_libs/indexing.pyx
      [41/151] Compiling C object
      pandas/_libs/indexing.cpython-312-x86_64-linux-gnu.so.p/meson-generated_pandas__libs_indexing.pyx.c.o
      [42/151] Linking target
      pandas/_libs/indexing.cpython-312-x86_64-linux-gnu.so
      [43/151] Compiling Cython source
      /home/adminuser/.cache/uv/sdists-v6/pypi/pandas/2.1.0/rEr_Ve-ooq5_1zV6Z7OVn/src/pandas/_libs/hashing.pyx
      [44/151] Compiling C object
      pandas/_libs/tslibs/timezones.cpython-312-x86_64-linux-gnu.so.p/meson-generated_pandas__libs_tslibs_timezones.pyx.c.o
      [45/151] Linking target
      pandas/_libs/tslibs/timezones.cpython-312-x86_64-linux-gnu.so
      [46/151] Compiling Cython source
      /home/adminuser/.cache/uv/sdists-v6/pypi/pandas/2.1.0/rEr_Ve-ooq5_1zV6Z7OVn/src/pandas/_libs/internals.pyx
      [47/151] Compiling C object
      pandas/_libs/tslibs/tzconversion.cpython-312-x86_64-linux-gnu.so.p/meson-generated_pandas__libs_tslibs_tzconversion.pyx.c.o
      [48/151] Linking target
      pandas/_libs/tslibs/tzconversion.cpython-312-x86_64-linux-gnu.so
      [49/151] Compiling Cython source
      /home/adminuser/.cache/uv/sdists-v6/pypi/pandas/2.1.0/rEr_Ve-ooq5_1zV6Z7OVn/src/pandas/_libs/index.pyx
      [50/151] Compiling C object
      pandas/_libs/tslibs/vectorized.cpython-312-x86_64-linux-gnu.so.p/meson-generated_pandas__libs_tslibs_vectorized.pyx.c.o
      [51/151] Compiling C object
      pandas/_libs/tslibs/conversion.cpython-312-x86_64-linux-gnu.so.p/meson-generated_pandas__libs_tslibs_conversion.pyx.c.o
      [52/151] Linking target
      pandas/_libs/tslibs/vectorized.cpython-312-x86_64-linux-gnu.so
      [53/151] Linking target
      pandas/_libs/tslibs/conversion.cpython-312-x86_64-linux-gnu.so
      [54/151] Compiling C object
      pandas/_libs/lib.cpython-312-x86_64-linux-gnu.so.p/src_parser_tokenizer.c.o
      [55/151] Compiling C object
      pandas/_libs/pandas_datetime.cpython-312-x86_64-linux-gnu.so.p/src_vendored_numpy_datetime_np_datetime.c.o
      FAILED:
      pandas/_libs/pandas_datetime.cpython-312-x86_64-linux-gnu.so.p/src_vendored_numpy_datetime_np_datetime.c.o
      cc -Ipandas/_libs/pandas_datetime.cpython-312-x86_64-linux-gnu.so.p
      -Ipandas/_libs -I../../pandas/_libs
      -I../../../../../../../../builds-v0/.tmpKnBauu/lib/python3.12/site-packages/numpy/_core/include
      -I../../pandas/_libs/include -I/usr/local/include/python3.12
      -fvisibility=hidden -fdiagnostics-color=always
      -DNDEBUG -D_FILE_OFFSET_BITS=64 -Wall -Winvalid-pch
      -std=c99 -O3 -DNPY_NO_DEPRECATED_API=0
      -DNPY_TARGET_VERSION=NPY_1_21_API_VERSION -fPIC -MD -MQ
      pandas/_libs/pandas_datetime.cpython-312-x86_64-linux-gnu.so.p/src_vendored_numpy_datetime_np_datetime.c.o
      -MF
      pandas/_libs/pandas_datetime.cpython-312-x86_64-linux-gnu.so.p/src_vendored_numpy_datetime_np_datetime.c.o.d
      -o
      pandas/_libs/pandas_datetime.cpython-312-x86_64-linux-gnu.so.p/src_vendored_numpy_datetime_np_datetime.c.o
      -c ../../pandas/_libs/src/vendored/numpy/datetime/np_datetime.c
      ../../pandas/_libs/src/vendored/numpy/datetime/np_datetime.c: In
      function â€˜get_datetime_metadata_from_dtypeâ€™:
      ../../pandas/_libs/src/vendored/numpy/datetime/np_datetime.c:946:52:
      error: â€˜PyArray_Descrâ€™ {aka â€˜struct _PyArray_Descrâ€™} has no member named
      â€˜c_metadataâ€™
        946 |     return (((PyArray_DatetimeDTypeMetaData
      *)dtype->c_metadata)->meta);
            |                                                    ^~
      ../../pandas/_libs/src/vendored/numpy/datetime/np_datetime.c:947:1:
      warning: control reaches end of non-void function [-Wreturn-type]
        947 | }
            | ^
      [56/151] Compiling C object
      pandas/_libs/tslibs/fields.cpython-312-x86_64-linux-gnu.so.p/meson-generated_pandas__libs_tslibs_fields.pyx.c.o
      [57/151] Compiling Cython source
      /home/adminuser/.cache/uv/sdists-v6/pypi/pandas/2.1.0/rEr_Ve-ooq5_1zV6Z7OVn/src/pandas/_libs/missing.pyx
      [58/151] Compiling C object
      pandas/_libs/hashing.cpython-312-x86_64-linux-gnu.so.p/meson-generated_pandas__libs_hashing.pyx.c.o
      [59/151] Compiling Cython source
      /home/adminuser/.cache/uv/sdists-v6/pypi/pandas/2.1.0/rEr_Ve-ooq5_1zV6Z7OVn/src/pandas/_libs/interval.pyx
      [60/151] Compiling Cython source
      /home/adminuser/.cache/uv/sdists-v6/pypi/pandas/2.1.0/rEr_Ve-ooq5_1zV6Z7OVn/src/pandas/_libs/algos.pyx
      [61/151] Compiling Cython source
      /home/adminuser/.cache/uv/sdists-v6/pypi/pandas/2.1.0/rEr_Ve-ooq5_1zV6Z7OVn/src/pandas/_libs/groupby.pyx
      [62/151] Compiling Cython source
      /home/adminuser/.cache/uv/sdists-v6/pypi/pandas/2.1.0/rEr_Ve-ooq5_1zV6Z7OVn/src/pandas/_libs/lib.pyx
      [63/151] Compiling Cython source
      /home/adminuser/.cache/uv/sdists-v6/pypi/pandas/2.1.0/rEr_Ve-ooq5_1zV6Z7OVn/src/pandas/_libs/hashtable.pyx
      [64/151] Compiling C object
      pandas/_libs/tslibs/strptime.cpython-312-x86_64-linux-gnu.so.p/meson-generated_pandas__libs_tslibs_strptime.pyx.c.o
      [65/151] Compiling C object
      pandas/_libs/tslibs/timestamps.cpython-312-x86_64-linux-gnu.so.p/meson-generated_pandas__libs_tslibs_timestamps.pyx.c.o
      [66/151] Compiling C object
      pandas/_libs/tslibs/parsing.cpython-312-x86_64-linux-gnu.so.p/meson-generated_pandas__libs_tslibs_parsing.pyx.c.o
      [67/151] Compiling C object
      pandas/_libs/tslibs/period.cpython-312-x86_64-linux-gnu.so.p/meson-generated_pandas__libs_tslibs_period.pyx.c.o
      [68/151] Compiling Cython source
      /home/adminuser/.cache/uv/sdists-v6/pypi/pandas/2.1.0/rEr_Ve-ooq5_1zV6Z7OVn/src/pandas/_libs/join.pyx
      [69/151] Compiling C object
      pandas/_libs/tslibs/timedeltas.cpython-312-x86_64-linux-gnu.so.p/meson-generated_pandas__libs_tslibs_timedeltas.pyx.c.o
      [70/151] Compiling C object
      pandas/_libs/internals.cpython-312-x86_64-linux-gnu.so.p/meson-generated_pandas__libs_internals.pyx.c.o
      [71/151] Compiling C object
      pandas/_libs/tslibs/offsets.cpython-312-x86_64-linux-gnu.so.p/meson-generated_pandas__libs_tslibs_offsets.pyx.c.o
      [72/151] Compiling C object
      pandas/_libs/index.cpython-312-x86_64-linux-gnu.so.p/meson-generated_pandas__libs_index.pyx.c.o
      ninja: build stopped: subcommand failed.

Checking if Streamlit is installed
Installing rich for an improved exception logging
Using uv pip install.
Using Python 3.12.9 environment at /home/adminuser/venv
Resolved 4 packages in 4ms
Installed 4 packages in 17ms
 + markdown-it-py==3.0.0
 +[2025-03-24 07:13:26.493996]  mdurl==0.1.2
 + pygments==2.19.1
 + rich==13.9.4

â”€â”€â”€â”€â”€â”€â”€â”€â”€â”€â”€â”€â”€â”€â”€â”€â”€â”€â”€â”€â”€â”€â”€â”€â”€â”€â”€â”€â”€â”€â”€â”€â”€â”€â”€â”€â”€â”€â”€â”€â”€â”€â”€â”€â”€â”€â”€â”€â”€â”€â”€â”€â”€â”€â”€â”€â”€â”€â”€â”€â”€â”€â”€â”€â”€â”€â”€â”€â”€â”€â”€â”€â”€â”€â”€â”€â”€â”€â”€â”€â”€â”€â”€â”€â”€â”€â”€â”€


â”€â”€â”€â”€â”€â”€â”€â”€â”€â”€â”€â”€â”€â”€â”€â”€â”€â”€â”€â”€â”€â”€â”€â”€â”€â”€â”€â”€â”€â”€â”€â”€â”€â”€â”€â”€â”€â”€â”€â”€ pip â”€â”€â”€â”€â”€â”€â”€â”€â”€â”€â”€â”€â”€â”€â”€â”€â”€â”€â”€â”€â”€â”€â”€â”€â”€â”€â”€â”€â”€â”€â”€â”€â”€â”€â”€â”€â”€â”€â”€â”€â”€â”€â”€

Using standard pip install.
Collecting streamlit==1.32.0 (from -r /mount/src/neuropredictfrontend/requirements.txt (line 1))
  Downloading streamlit-1.32.0-py2.py3-none-any.whl.metadata (8.5 kB)
Collecting pandas==2.1.0 (from -r /mount/src/neuropredictfrontend/requirements.txt (line 2))
  Downloading pandas-2.1.0.tar.gz (4.3 MB)
     â”â”â”â”â”â”â”â”â”â”â”â”â”â”â”â”â”â”â”â”â”â”â”â”â”â”â”â”â”â”â”â”â”â”â”â”â”â”â”â” 4.3/4.3 MB 51.7 MB/s eta 0:00:00[2025-03-24 07:13:29.078892] 
  Installing build dependencies: started
  Installing build dependencies: finished with status 'done'
  Getting requirements to build wheel: started
  Getting requirements to build wheel: finished with status 'done'
  Installing backend dependencies: started
  Installing backend dependencies: finished with status 'done'
  Preparing metadata (pyproject.toml): started
  Preparing metadata (pyproject.toml): still running...
  Preparing metadata (pyproject.toml): finished with status 'error'
  error: subprocess-exited-with-error
  
  Ã— Preparing metadata (pyproject.toml) did not run successfully.
  â”‚ exit code: 1
  â•°â”€> [114 lines of output]
      + meson setup /tmp/pip-install-q3osq747/pandas_8047efaa57424deb96b7ab1567a0cc67 /tmp/pip-install-q3osq747/pandas_8047efaa57424deb96b7ab1567a0cc67/.mesonpy-jsoc0z8y/build -Dbuildtype=release -Db_ndebug=if-release -Db_vscrt=md --vsenv --native-file=/tmp/pip-install-q3osq747/pandas_8047efaa57424deb96b7ab1567a0cc67/.mesonpy-jsoc0z8y/build/meson-python-native-file.ini
      The Meson build system
      Version: 1.0.1
      Source dir: /tmp/pip-install-q3osq747/pandas_8047efaa57424deb96b7ab1567a0cc67
      Build dir: /tmp/pip-install-q3osq747/pandas_8047efaa57424deb96b7ab1567a0cc67/.mesonpy-jsoc0z8y/build
      Build type: native build
      Project name: pandas
      Project version: 2.1.0
      C compiler for the host machine: cc (gcc 10.2.1 "cc (Debian 10.2.1-6) 10.2.1 20210110")
      C linker for the host machine: cc ld.bfd 2.35.2
      C++ compiler for the host machine: c++ (gcc 10.2.1 "c++ (Debian 10.2.1-6) 10.2.1 20210110")
      C++ linker for the host machine: c++ ld.bfd 2.35.2
      Cython compiler for the host machine: cython (cython 0.29.37)
      Host machine cpu family: x86_64
      Host machine cpu: x86_64
      Program python found: YES (/home/adminuser/venv/bin/python)
      Did not find pkg-config by name 'pkg-config'
      Found Pkg-config: NO
      Build targets in project: 53
      
      pandas 2.1.0
      
        User defined options
          Native files: /tmp/pip-install-q3osq747/pandas_8047efaa57424deb96b7ab1567a0cc67/.mesonpy-jsoc0z8y/build/meson-python-native-file.ini
          buildtype   : release
          b_ndebug    : if-release
          b_vscrt     : md
      
      Found ninja-1.11.1.git.kitware.jobserver-1 at /tmp/pip-build-env-prsn5b2t/normal/bin/ninja
      + /tmp/pip-build-env-prsn5b2t/normal/bin/ninja
      [1/151] Generating pandas/_libs/algos_common_helper_pxi with a custom command
      [2/151] Generating pandas/_libs/algos_take_helper_pxi with a custom command
      [3/151] Generating pandas/_libs/sparse_op_helper_pxi with a custom command
      [4/151] Generating pandas/_libs/hashtable_class_helper_pxi with a custom command
      [5/151] Generating pandas/_libs/khash_primitive_helper_pxi with a custom command
      [6/151] Generating pandas/_libs/intervaltree_helper_pxi with a custom command
      [7/151] Generating pandas/_libs/index_class_helper_pxi with a custom command
      [8/151] Generating pandas/__init__.py with a custom command
      [9/151] Generating pandas/_libs/hashtable_func_helper_pxi with a custom command
      [10/151] Compiling Cython source /tmp/pip-install-q3osq747/pandas_8047efaa57424deb96b7ab1567a0cc67/pandas/_libs/tslibs/base.pyx
      [11/151] Compiling C object pandas/_libs/tslibs/parsing.cpython-312-x86_64-linux-gnu.so.p/.._src_parser_tokenizer.c.o
      [12/151] Compiling Cython source /tmp/pip-install-q3osq747/pandas_8047efaa57424deb96b7ab1567a0cc67/pandas/_libs/tslibs/ccalendar.pyx
      [13/151] Compiling Cython source /tmp/pip-install-q3osq747/pandas_8047efaa57424deb96b7ab1567a0cc67/pandas/_libs/tslibs/nattype.pyx
      [14/151] Compiling C object pandas/_libs/tslibs/base.cpython-312-x86_64-linux-gnu.so.p/meson-generated_pandas__libs_tslibs_base.pyx.c.o
      [15/151] Compiling Cython source /tmp/pip-install-q3osq747/pandas_8047efaa57424deb96b7ab1567a0cc67/pandas/_libs/tslibs/np_datetime.pyx
      [16/151] Linking target pandas/_libs/tslibs/base.cpython-312-x86_64-linux-gnu.so
      [17/151] Compiling Cython source /tmp/pip-install-q3osq747/pandas_8047efaa57424deb96b7ab1567a0cc67/pandas/_libs/tslibs/timezones.pyx
      [18/151] Compiling Cython source /tmp/pip-install-q3osq747/pandas_8047efaa57424deb96b7ab1567a0cc67/pandas/_libs/tslibs/dtypes.pyx
      [19/151] Compiling Cython source /tmp/pip-install-q3osq747/pandas_8047efaa57424deb96b7ab1567a0cc67/pandas/_libs/tslibs/fields.pyx
      [20/151] Compiling Cython source /tmp/pip-install-q3osq747/pandas_8047efaa57424deb96b7ab1567a0cc67/pandas/_libs/tslibs/parsing.pyx
      [21/151] Compiling Cython source /tmp/pip-install-q3osq747/pandas_8047efaa57424deb96b7ab1567a0cc67/pandas/_libs/arrays.pyx
      [22/151] Compiling Cython source /tmp/pip-install-q3osq747/pandas_8047efaa57424deb96b7ab1567a0cc67/pandas/_libs/tslibs/vectorized.pyx
      [23/151] Compiling Cython source /tmp/pip-install-q3osq747/pandas_8047efaa57424deb96b7ab1567a0cc67/pandas/_libs/tslibs/strptime.pyx
      [24/151] Compiling C object pandas/_libs/tslibs/ccalendar.cpython-312-x86_64-linux-gnu.so.p/meson-generated_pandas__libs_tslibs_ccalendar.pyx.c.o
      [25/151] Linking target pandas/_libs/tslibs/ccalendar.cpython-312-x86_64-linux-gnu.so
      [26/151] Compiling Cython source /tmp/pip-install-q3osq747/pandas_8047efaa57424deb96b7ab1567a0cc67/pandas/_libs/tslibs/period.pyx
      [27/151] Compiling Cython source /tmp/pip-install-q3osq747/pandas_8047efaa57424deb96b7ab1567a0cc67/pandas/_libs/tslibs/timedeltas.pyx
      [28/151] Compiling Cython source /tmp/pip-install-q3osq747/pandas_8047efaa57424deb96b7ab1567a0cc67/pandas/_libs/tslibs/timestamps.pyx
      [29/151] Compiling Cython source /tmp/pip-install-q3osq747/pandas_8047efaa57424deb96b7ab1567a0cc67/pandas/_libs/tslibs/tzconversion.pyx
      [30/151] Compiling Cython source /tmp/pip-install-q3osq747/pandas_8047efaa57424deb96b7ab1567a0cc67/pandas/_libs/tslibs/offsets.pyx
      [31/151] Compiling Cython source /tmp/pip-install-q3osq747/pandas_8047efaa57424deb96b7ab1567a0cc67/pandas/_libs/tslibs/conversion.pyx
      [32/151] Compiling C object pandas/_libs/arrays.cpython-312-x86_64-linux-gnu.so.p/meson-generated_pandas__libs_arrays.pyx.c.o
      [33/151] Linking target pandas/_libs/arrays.cpython-312-x86_64-linux-gnu.so
      [34/151] Compiling C object pandas/_libs/tslibs/np_datetime.cpython-312-x86_64-linux-gnu.so.p/meson-generated_pandas__libs_tslibs_np_datetime.pyx.c.o
      [35/151] Linking target pandas/_libs/tslibs/np_datetime.cpython-312-x86_64-linux-gnu.so
      [36/151] Compiling C object pandas/_libs/tslibs/nattype.cpython-312-x86_64-linux-gnu.so.p/meson-generated_pandas__libs_tslibs_nattype.pyx.c.o
      [37/151] Linking target pandas/_libs/tslibs/nattype.cpython-312-x86_64-linux-gnu.so
      [38/151] Compiling Cython source /tmp/pip-install-q3osq747/pandas_8047efaa57424deb96b7ab1567a0cc67/pandas/_libs/indexing.pyx
      [39/151] Compiling C object pandas/_libs/tslibs/dtypes.cpython-312-x86_64-linux-gnu.so.p/meson-generated_pandas__libs_tslibs_dtypes.pyx.c.o
      [40/151] Compiling Cython source /tmp/pip-install-q3osq747/pandas_8047efaa57424deb96b7ab1567a0cc67/pandas/_libs/hashing.pyx
      [41/151] Linking target pandas/_libs/tslibs/dtypes.cpython-312-x86_64-linux-gnu.so
      [42/151] Compiling C object pandas/_libs/indexing.cpython-312-x86_64-linux-gnu.so.p/meson-generated_pandas__libs_indexing.pyx.c.o
      [43/151] Linking target pandas/_libs/indexing.cpython-312-x86_64-linux-gnu.so
      [44/151] Compiling C object pandas/_libs/tslibs/vectorized.cpython-312-x86_64-linux-gnu.so.p/meson-generated_pandas__libs_tslibs_vectorized.pyx.c.o
      [45/151] Linking target pandas/_libs/tslibs/vectorized.cpython-312-x86_64-linux-gnu.so
      [46/151] Compiling Cython source /tmp/pip-install-q3osq747/pandas_8047efaa57424deb96b7ab1567a0cc67/pandas/_libs/index.pyx
      [47/151] Compiling C object pandas/_libs/tslibs/timezones.cpython-312-x86_64-linux-gnu.so.p/meson-generated_pandas__libs_tslibs_timezones.pyx.c.o
      [48/151] Linking target pandas/_libs/tslibs/timezones.cpython-312-x86_64-linux-gnu.so
      [49/151] Compiling C object pandas/_libs/tslibs/fields.cpython-312-x86_64-linux-gnu.so.p/meson-generated_pandas__libs_tslibs_fields.pyx.c.o
      [50/151] Linking target pandas/_libs/tslibs/fields.cpython-312-x86_64-linux-gnu.so
      [51/151] Compiling C object pandas/_libs/tslibs/conversion.cpython-312-x86_64-linux-gnu.so.p/meson-generated_pandas__libs_tslibs_conversion.pyx.c.o
      [52/151] Linking target pandas/_libs/tslibs/conversion.cpython-312-x86_64-linux-gnu.so
      [53/151] Compiling C object pandas/_libs/lib.cpython-312-x86_64-linux-gnu.so.p/src_parser_tokenizer.c.o
      [54/151] Compiling C object pandas/_libs/hashing.cpython-312-x86_64-linux-gnu.so.p/meson-generated_pandas__libs_hashing.pyx.c.o
      [55/151] Linking target pandas/_libs/hashing.cpython-312-x86_64-linux-gnu.so
      [56/151] Compiling Cython source /tmp/pip-install-q3osq747/pandas_8047efaa57424deb96b7ab1567a0cc67/pandas/_libs/internals.pyx
      [57/151] Compiling C object pandas/_libs/pandas_datetime.cpython-312-x86_64-linux-gnu.so.p/src_vendored_numpy_datetime_np_datetime.c.o
      FAILED: pandas/_libs/pandas_datetime.cpython-312-x86_64-linux-gnu.so.p/src_vendored_numpy_datetime_np_datetime.c.o
      cc -Ipandas/_libs/pandas_datetime.cpython-312-x86_64-linux-gnu.so.p -Ipandas/_libs -I../../pandas/_libs -I../../../../pip-build-env-prsn5b2t/overlay/lib/python3.12/site-packages/numpy/_core/include -I../../pandas/_libs/include -I/usr/local/include/python3.12 -fvisibility=hidden -fdiagnostics-color=always -DNDEBUG -D_FILE_OFFSET_BITS=64 -Wall -Winvalid-pch -std=c99 -O3 -DNPY_NO_DEPRECATED_API=0 -DNPY_TARGET_VERSION=NPY_1_21_API_VERSION -fPIC -MD -MQ pandas/_libs/pandas_datetime.cpython-312-x86_64-linux-gnu.so.p/src_vendored_numpy_datetime_np_datetime.c.o -MF pandas/_libs/pandas_datetime.cpython-312-x86_64-linux-gnu.so.p/src_vendored_numpy_datetime_np_datetime.c.o.d -o pandas/_libs/pandas_datetime.cpython-312-x86_64-linux-gnu.so.p/src_vendored_numpy_datetime_np_datetime.c.o -c ../../pandas/_libs/src/vendored/numpy/datetime/np_datetime.c
      ../../pandas/_libs/src/vendored/numpy/datetime/np_datetime.c: In function â€˜get_datetime_metadata_from_dtypeâ€™:
      ../../pandas/_libs/src/vendored/numpy/datetime/np_datetime.c:946:52: error: â€˜PyArray_Descrâ€™ {aka â€˜struct _PyArray_Descrâ€™} has no member named â€˜c_metadataâ€™
        946 |     return (((PyArray_DatetimeDTypeMetaData *)dtype->c_metadata)->meta);
            |                                                    ^~
      ../../pandas/_libs/src/vendored/numpy/datetime/np_datetime.c:947:1: warning: control reaches end of non-void function [-Wreturn-type]
        947 | }
            | ^
      [58/151] Compiling C object pandas/_libs/pandas_datetime.cpython-312-x86_64-linux-gnu.so.p/src_vendored_numpy_datetime_np_datetime_strings.c.o
      [59/151] Compiling Cython source /tmp/pip-install-q3osq747/pandas_8047efaa57424deb96b7ab1567a0cc67/pandas/_libs/missing.pyx
      [60/151] Compiling Cython source /tmp/pip-install-q3osq747/pandas_8047efaa57424deb96b7ab1567a0cc67/pandas/_libs/groupby.pyx
      [61/151] Compiling C object pandas/_libs/tslibs/tzconversion.cpython-312-x86_64-linux-gnu.so.p/meson-generated_pandas__libs_tslibs_tzconversion.pyx.c.o
      [62/151] Compiling Cython source /tmp/pip-install-q3osq747/pandas_8047efaa57424deb96b7ab1567a0cc67/pandas/_libs/algos.pyx
      [63/151] Compiling C object pandas/_libs/tslibs/parsing.cpython-312-x86_64-linux-gnu.so.p/meson-generated_pandas__libs_tslibs_parsing.pyx.c.o
      [64/151] Compiling Cython source /tmp/pip-install-q3osq747/pandas_8047efaa57424deb96b7ab1567a0cc67/pandas/_libs/lib.pyx
      [65/151] Compiling Cython source /tmp/pip-install-q3osq747/pandas_8047efaa57424deb96b7ab1567a0cc67/pandas/_libs/interval.pyx
      [66/151] Compiling C object pandas/_libs/tslibs/period.cpython-312-x86_64-linux-gnu.so.p/meson-generated_pandas__libs_tslibs_period.pyx.c.o
      [67/151] Compiling C object pandas/_libs/tslibs/strptime.cpython-312-x86_64-linux-gnu.so.p/meson-generated_pandas__libs_tslibs_strptime.pyx.c.o
      [68/151] Compiling Cython source /tmp/pip-install-q3osq747/pandas_8047efaa57424deb96b7ab1567a0cc67/pandas/_libs/hashtable.pyx
      [69/151] Compiling C object pandas/_libs/tslibs/timedeltas.cpython-312-x86_64-linux-gnu.so.p/meson-generated_pandas__libs_tslibs_timedeltas.pyx.c.o
      [70/151] Compiling Cython source /tmp/pip-install-q3osq747/pandas_8047efaa57424deb96b7ab1567a0cc67/pandas/_libs/join.pyx
      [71/151] Compiling C object pandas/_libs/tslibs/timestamps.cpython-312-x86_64-linux-gnu.so.p/meson-generated_pandas__libs_tslibs_timestamps.pyx.c.o
      [72/151] Compiling C object pandas/_libs/internals.cpython-312-x86_64-linux-gnu.so.p/meson-generated_pandas__libs_internals.pyx.c.o
      [73/151] Compiling C object pandas/_libs/tslibs/offsets.cpython-312-x86_64-linux-gnu.so.p/meson-generated_pandas__libs_tslibs_offsets.pyx.c.o
      [74/151] Compiling C object pandas/_libs/index.cpython-312-x86_64-linux-gnu.so.p/meson-generated_pandas__libs_index.pyx.c.o
      ninja: build stopped: subcommand failed.
      [end of output]
  
  note: This error originates from a subprocess, and is likely not a problem with pip.
error: metadata-generation-failed

Ã— Encountered error while generating package metadata.
â•°â”€> See above for output.

note: This is an issue with the package mentioned above, not pip.
hint: See above for details.

[notice] A new release of pip is available: 24.0 -> 25.0.1
[notice] To update, run: pip install --upgrade pip
Checking if Streamlit is installed
Installing rich for an improved exception logging
Using standard pip install.
Collecting rich>=10.14.0
  Downloading rich-13.9.4-py3-none-any.whl.metadata (18 kB)
Collecting markdown-it-py>=2.2.0 (from rich>=10.14.0)
  Downloading markdown_it_py-3.0.0-py3-none-any.whl.metadata (6.9 kB)
Collecting pygments<3.0.0,>=2.13.0 (from rich>=10.14.0)
  Downloading pygments-2.19.1-py3-none-any.whl.metadata (2.5 kB)
Collecting mdurl~=0.1 (from markdown-it-py>=2.2.0->rich>=10.14.0)
  Downloading mdurl-0.1.2-py3-none-any.whl.metadata (1.6 kB)
Downloading rich-13.9.4-py3-none-any.whl (242 kB)
   â”â”â”â”â”â”â”â”â”â”â”â”â”â”â”â”â”â”â”â”â”â”â”â”â”â”â”â”â”â”â”â”â”â”â”â”â”â”â”â” 242.4/242.4 kB 11.8 MB/s eta 0:00:00[2025-03-24 07:14:44.457262] 
Downloading markdown_it_py-3.0.0-py3-none-any.whl (87 kB)
   â”â”â”â”â”â”â”â”â”â”â”â”â”â”â”â”â”â”â”â”â”â”â”â”â”â”â”â”â”â”â”â”â”â”â”â”â”â”â”â” 87.5/87.5 kB 137.9 MB/s eta 0:00:00[2025-03-24 07:14:44.471474] 
Downloading pygments-2.19.1-py3-none-any.whl (1.2 MB)
   â”â”â”â”â”â”â”â”â”â”â”â”â”â”â”â”â”â”â”â”â”â”â”â”â”â”â”â”â”â”â”â”â”â”â”â”â”â”â”â” 1.2/1.2 MB 63.6 MB/s eta 0:00:00[2025-03-24 07:14:44.505368] 
Downloading mdurl-0.1.2-py3-none-any.whl (10.0 kB)
Installing collected packages: pygments, mdurl, markdown-it-py, rich
  Attempting uninstall: pygments
    Found existing installation: Pygments 2.19.1
    Uninstalling Pygments-2.19.1:
      Successfully uninstalled Pygments-2.19.1
  Attempting uninstall: mdurl
    Found existing installation: mdurl 0.1.2
    Uninstalling mdurl-0.1.2:
      Successfully uninstalled mdurl-0.1.2
  Attempting uninstall: markdown-it-py
    Found existing installation: markdown-it-py 3.0.0
    Uninstalling markdown-it-py-3.0.0:
      Successfully uninstalled markdown-it-py-3.0.0
  Attempting uninstall: rich
    Found existing installation: rich 13.9.4
    Uninstalling rich-13.9.4:
      Successfully uninstalled rich-13.9.4
Successfully installed markdown-it-py-3.0.0 mdurl-0.1.2 pygments-2.19.1 rich-13.9.4

[notice] A new release of pip is available: 24.0 -> 25.0.1
[notice] To update, run: pip install --upgrade pip

â”€â”€â”€â”€â”€â”€â”€â”€â”€â”€â”€â”€â”€â”€â”€â”€â”€â”€â”€â”€â”€â”€â”€â”€â”€â”€â”€â”€â”€â”€â”€â”€â”€â”€â”€â”€â”€â”€â”€â”€â”€â”€â”€â”€â”€â”€â”€â”€â”€â”€â”€â”€â”€â”€â”€â”€â”€â”€â”€â”€â”€â”€â”€â”€â”€â”€â”€â”€â”€â”€â”€â”€â”€â”€â”€â”€â”€â”€â”€â”€â”€â”€â”€â”€â”€â”€â”€â”€

[07:14:47] â—ï¸ installer returned a non-zero exit code
[07:14:47] â—ï¸ Error during processing dependencies! Please fix the error and push an update, or try restarting the app.
[07:14:47] ğŸ™ Pulling code changes from Github...
[07:14:48] ğŸ“¦ Processing dependencies...

â”€â”€â”€â”€â”€â”€â”€â”€â”€â”€â”€â”€â”€â”€â”€â”€â”€â”€â”€â”€â”€â”€â”€â”€â”€â”€â”€â”€â”€â”€â”€â”€â”€â”€â”€â”€â”€â”€â”€â”€ uv â”€â”€â”€â”€â”€â”€â”€â”€â”€â”€â”€â”€â”€â”€â”€â”€â”€â”€â”€â”€â”€â”€â”€â”€â”€â”€â”€â”€â”€â”€â”€â”€â”€â”€â”€â”€â”€â”€â”€â”€â”€â”€â”€

Using uv pip install.
Using Python 3.12.9 environment at /home/adminuser/venv
Resolved 47 packages in 125ms
  Ã— Failed to download and build `pandas==2.1.0`
  â•°â”€â–¶ Build backend failed to build wheel through `build_wheel` (exit status:
      1)

      [stdout]
      + meson setup
      /home/adminuser/.cache/uv/sdists-v6/pypi/pandas/2.1.0/rEr_Ve-ooq5_1zV6Z7OVn/src
      /home/adminuser/.cache/uv/sdists-v6/pypi/pandas/2.1.0/rEr_Ve-ooq5_1zV6Z7OVn/src/.mesonpy-murmm0tl/build
      -Dbuildtype=release -Db_ndebug=if-release -Db_vscrt=md --vsenv
      --native-file=/home/adminuser/.cache/uv/sdists-v6/pypi/pandas/2.1.0/rEr_Ve-ooq5_1zV6Z7OVn/src/.mesonpy-murmm0tl/build/meson-python-native-file.ini
      The Meson build system
      Version: 1.0.1
      Source dir:
      /home/adminuser/.cache/uv/sdists-v6/pypi/pandas/2.1.0/rEr_Ve-ooq5_1zV6Z7OVn/src
      Build dir:
      /home/adminuser/.cache/uv/sdists-v6/pypi/pandas/2.1.0/rEr_Ve-ooq5_1zV6Z7OVn/src/.mesonpy-murmm0tl/build
      Build type: native build
      Project name: pandas
      Project version: 2.1.0
      C compiler for the host machine: cc (gcc 10.2.1 "cc (Debian 10.2.1-6)
      10.2.1 20210110")
      C linker for the host machine: cc ld.bfd 2.35.2
      C++ compiler for the host machine: c++ (gcc 10.2.1 "c++ (Debian
      10.2.1-6) 10.2.1 20210110")
      C++ linker for the host machine: c++ ld.bfd 2.35.2
      Cython compiler for the host machine: cython (cython 0.29.37)
      Host machine cpu family: x86_64
      Host machine cpu: x86_64
      Program python found: YES
      (/home/adminuser/.cache/uv/builds-v0/.tmpXdZvVi/bin/python)
      Did not find pkg-config by name 'pkg-config'
      Found Pkg-config: NO
      Build targets in project: 53

      pandas 2.1.0

        User defined options
          Native files:
      /home/adminuser/.cache/uv/sdists-v6/pypi/pandas/2.1.0/rEr_Ve-ooq5_1zV6Z7OVn/src/.mesonpy-murmm0tl/build/meson-python-native-file.ini
          buildtype   : release
          b_ndebug    : if-release
          b_vscrt     : md

      Found ninja-1.11.1.git.kitware.jobserver-1 at
      /home/adminuser/.cache/uv/builds-v0/.tmpXdZvVi/bin/ninja
      + /home/adminuser/.cache/uv/builds-v0/.tmpXdZvVi/bin/ninja
      [1/151] Generating pandas/_libs/intervaltree_helper_pxi with a custom
      command
      [2/151] Generating pandas/_libs/khash_primitive_helper_pxi with a custom
      command
      [3/151] Generating pandas/_libs/hashtable_func_helper_pxi with a custom
      command
      [4/151] Generating pandas/__init__.py with a custom command
      [5/151] Generating pandas/_libs/algos_take_helper_pxi with a custom
      command
      [6/151] Generating pandas/_libs/algos_common_helper_pxi with a custom
      command
      [7/151] Generating pandas/_libs/hashtable_class_helper_pxi with a custom
      command
      [8/151] Generating pandas/_libs/index_class_helper_pxi with a custom
      command
      [9/151] Generating pandas/_libs/sparse_op_helper_pxi with a custom
      command
      [10/151] Compiling Cython source
      /home/adminuser/.cache/uv/sdists-v6/pypi/pandas/2.1.0/rEr_Ve-ooq5_1zV6Z7OVn/src/pandas/_libs/tslibs/base.pyx
      [11/151] Compiling C object
      pandas/_libs/tslibs/parsing.cpython-312-x86_64-linux-gnu.so.p/.._src_parser_tokenizer.c.o
      [12/151] Compiling Cython source
      /home/adminuser/.cache/uv/sdists-v6/pypi/pandas/2.1.0/rEr_Ve-ooq5_1zV6Z7OVn/src/pandas/_libs/tslibs/ccalendar.pyx
      [13/151] Compiling C object
      pandas/_libs/tslibs/base.cpython-312-x86_64-linux-gnu.so.p/meson-generated_pandas__libs_tslibs_base.pyx.c.o
      [14/151] Linking target
      pandas/_libs/tslibs/base.cpython-312-x86_64-linux-gnu.so
      [15/151] Compiling Cython source
      /home/adminuser/.cache/uv/sdists-v6/pypi/pandas/2.1.0/rEr_Ve-ooq5_1zV6Z7OVn/src/pandas/_libs/tslibs/np_datetime.pyx
      [16/151] Compiling Cython source
      /home/adminuser/.cache/uv/sdists-v6/pypi/pandas/2.1.0/rEr_Ve-ooq5_1zV6Z7OVn/src/pandas/_libs/tslibs/dtypes.pyx
      [17/151] Compiling Cython source
      /home/adminuser/.cache/uv/sdists-v6/pypi/pandas/2.1.0/rEr_Ve-ooq5_1zV6Z7OVn/src/pandas/_libs/arrays.pyx
      [18/151] Compiling Cython source
      /home/adminuser/.cache/uv/sdists-v6/pypi/pandas/2.1.0/rEr_Ve-ooq5_1zV6Z7OVn/src/pandas/_libs/tslibs/nattype.pyx
      [19/151] Compiling Cython source
      /home/adminuser/.cache/uv/sdists-v6/pypi/pandas/2.1.0/rEr_Ve-ooq5_1zV6Z7OVn/src/pandas/_libs/tslibs/tzconversion.pyx
      [20/151] Compiling C object
      pandas/_libs/tslibs/ccalendar.cpython-312-x86_64-linux-gnu.so.p/meson-generated_pandas__libs_tslibs_ccalendar.pyx.c.o
      [21/151] Linking target
      pandas/_libs/tslibs/ccalendar.cpython-312-x86_64-linux-gnu.so
      [22/151] Compiling Cython source
      /home/adminuser/.cache/uv/sdists-v6/pypi/pandas/2.1.0/rEr_Ve-ooq5_1zV6Z7OVn/src/pandas/_libs/tslibs/offsets.pyx
      [23/151] Compiling Cython source
      /home/adminuser/.cache/uv/sdists-v6/pypi/pandas/2.1.0/rEr_Ve-ooq5_1zV6Z7OVn/src/pandas/_libs/tslibs/fields.pyx
      [24/151] Compiling Cython source
      /home/adminuser/.cache/uv/sdists-v6/pypi/pandas/2.1.0/rEr_Ve-ooq5_1zV6Z7OVn/src/pandas/_libs/tslibs/vectorized.pyx
      [25/151] Compiling Cython source
      /home/adminuser/.cache/uv/sdists-v6/pypi/pandas/2.1.0/rEr_Ve-ooq5_1zV6Z7OVn/src/pandas/_libs/tslibs/strptime.pyx
      [26/151] Compiling Cython source
      /home/adminuser/.cache/uv/sdists-v6/pypi/pandas/2.1.0/rEr_Ve-ooq5_1zV6Z7OVn/src/pandas/_libs/tslibs/conversion.pyx
      [27/151] Compiling Cython source
      /home/adminuser/.cache/uv/sdists-v6/pypi/pandas/2.1.0/rEr_Ve-ooq5_1zV6Z7OVn/src/pandas/_libs/tslibs/parsing.pyx
      [28/151] Compiling Cython source
      /home/adminuser/.cache/uv/sdists-v6/pypi/pandas/2.1.0/rEr_Ve-ooq5_1zV6Z7OVn/src/pandas/_libs/tslibs/timezones.pyx
      [29/151] Compiling Cython source
      /home/adminuser/.cache/uv/sdists-v6/pypi/pandas/2.1.0/rEr_Ve-ooq5_1zV6Z7OVn/src/pandas/_libs/tslibs/period.pyx
      [30/151] Compiling Cython source
      /home/adminuser/.cache/uv/sdists-v6/pypi/pandas/2.1.0/rEr_Ve-ooq5_1zV6Z7OVn/src/pandas/_libs/tslibs/timestamps.pyx
      [31/151] Compiling Cython source
      /home/adminuser/.cache/uv/sdists-v6/pypi/pandas/2.1.0/rEr_Ve-ooq5_1zV6Z7OVn/src/pandas/_libs/tslibs/timedeltas.pyx
      [32/151] Compiling C object
      pandas/_libs/arrays.cpython-312-x86_64-linux-gnu.so.p/meson-generated_pandas__libs_arrays.pyx.c.o
      [33/151] Linking target
      pandas/_libs/arrays.cpython-312-x86_64-linux-gnu.so
      [34/151] Compiling Cython source
      /home/adminuser/.cache/uv/sdists-v6/pypi/pandas/2.1.0/rEr_Ve-ooq5_1zV6Z7OVn/src/pandas/_libs/hashing.pyx
      [35/151] Compiling C object
      pandas/_libs/tslibs/dtypes.cpython-312-x86_64-linux-gnu.so.p/meson-generated_pandas__libs_tslibs_dtypes.pyx.c.o
      [36/151] Linking target
      pandas/_libs/tslibs/dtypes.cpython-312-x86_64-linux-gnu.so
      [37/151] Compiling C object
      pandas/_libs/tslibs/np_datetime.cpython-312-x86_64-linux-gnu.so.p/meson-generated_pandas__libs_tslibs_np_datetime.pyx.c.o
      [38/151] Linking target
      pandas/_libs/tslibs/np_datetime.cpython-312-x86_64-linux-gnu.so
      [39/151] Compiling C object
      pandas/_libs/tslibs/nattype.cpython-312-x86_64-linux-gnu.so.p/meson-generated_pandas__libs_tslibs_nattype.pyx.c.o
      [40/151] Linking target
      pandas/_libs/tslibs/nattype.cpython-312-x86_64-linux-gnu.so
      [41/151] Compiling Cython source
      /home/adminuser/.cache/uv/sdists-v6/pypi/pandas/2.1.0/rEr_Ve-ooq5_1zV6Z7OVn/src/pandas/_libs/indexing.pyx
      [42/151] Compiling C object
      pandas/_libs/indexing.cpython-312-x86_64-linux-gnu.so.p/meson-generated_pandas__libs_indexing.pyx.c.o
      [43/151] Linking target
      pandas/_libs/indexing.cpython-312-x86_64-linux-gnu.so
      [44/151] Compiling C object
      pandas/_libs/tslibs/vectorized.cpython-312-x86_64-linux-gnu.so.p/meson-generated_pandas__libs_tslibs_vectorized.pyx.c.o
      [45/151] Linking target
      pandas/_libs/tslibs/vectorized.cpython-312-x86_64-linux-gnu.so
      [46/151] Compiling C object
      pandas/_libs/tslibs/conversion.cpython-312-x86_64-linux-gnu.so.p/meson-generated_pandas__libs_tslibs_conversion.pyx.c.o
      [47/151] Linking target
      pandas/_libs/tslibs/conversion.cpython-312-x86_64-linux-gnu.so
      [48/151] Compiling Cython source
      /home/adminuser/.cache/uv/sdists-v6/pypi/pandas/2.1.0/rEr_Ve-ooq5_1zV6Z7OVn/src/pandas/_libs/internals.pyx
      [49/151] Compiling C object
      pandas/_libs/tslibs/fields.cpython-312-x86_64-linux-gnu.so.p/meson-generated_pandas__libs_tslibs_fields.pyx.c.o
      [50/151] Linking target
      pandas/_libs/tslibs/fields.cpython-312-x86_64-linux-gnu.so
      [51/151] Compiling C object
      pandas/_libs/hashing.cpython-312-x86_64-linux-gnu.so.p/meson-generated_pandas__libs_hashing.pyx.c.o
      [52/151] Linking target
      pandas/_libs/hashing.cpython-312-x86_64-linux-gnu.so
      [53/151] Compiling Cython source
      /home/adminuser/.cache/uv/sdists-v6/pypi/pandas/2.1.0/rEr_Ve-ooq5_1zV6Z7OVn/src/pandas/_libs/index.pyx
      [54/151] Compiling C object
      pandas/_libs/lib.cpython-312-x86_64-linux-gnu.so.p/src_parser_tokenizer.c.o
      [55/151] Compiling C object
      pandas/_libs/pandas_datetime.cpython-312-x86_64-linux-gnu.so.p/src_vendored_numpy_datetime_np_datetime.c.o
      FAILED:
      pandas/_libs/pandas_datetime.cpython-312-x86_64-linux-gnu.so.p/src_vendored_numpy_datetime_np_datetime.c.o
      cc -Ipandas/_libs/pandas_datetime.cpython-312-x86_64-linux-gnu.so.p
      -Ipandas/_libs -I../../pandas/_libs
      -I../../../../../../../../builds-v0/.tmpXdZvVi/lib/python3.12/site-packages/numpy/_core/include
      -I../../pandas/_libs/include -I/usr/local/include/python3.12
      -fvisibility=hidden -fdiagnostics-color=always
      -DNDEBUG -D_FILE_OFFSET_BITS=64 -Wall -Winvalid-pch
      -std=c99 -O3 -DNPY_NO_DEPRECATED_API=0
      -DNPY_TARGET_VERSION=NPY_1_21_API_VERSION -fPIC -MD -MQ
      pandas/_libs/pandas_datetime.cpython-312-x86_64-linux-gnu.so.p/src_vendored_numpy_datetime_np_datetime.c.o
      -MF
      pandas/_libs/pandas_datetime.cpython-312-x86_64-linux-gnu.so.p/src_vendored_numpy_datetime_np_datetime.c.o.d
      -o
      pandas/_libs/pandas_datetime.cpython-312-x86_64-linux-gnu.so.p/src_vendored_numpy_datetime_np_datetime.c.o
      -c ../../pandas/_libs/src/vendored/numpy/datetime/np_datetime.c
      ../../pandas/_libs/src/vendored/numpy/datetime/np_datetime.c: In
      function â€˜get_datetime_metadata_from_dtypeâ€™:
      ../../pandas/_libs/src/vendored/numpy/datetime/np_datetime.c:946:52:
      error: â€˜PyArray_Descrâ€™ {aka â€˜struct _PyArray_Descrâ€™} has no member named
      â€˜c_metadataâ€™
        946 |     return (((PyArray_DatetimeDTypeMetaData
      *)dtype->c_metadata)->meta);
            |                                                    ^~
      ../../pandas/_libs/src/vendored/numpy/datetime/np_datetime.c:947:1:
      warning: control reaches end of non-void function [-Wreturn-type]
        947 | }
            | ^
      [56/151] Compiling C object
      pandas/_libs/tslibs/tzconversion.cpython-312-x86_64-linux-gnu.so.p/meson-generated_pandas__libs_tslibs_tzconversion.pyx.c.o
      [57/151] Compiling Cython source
      /home/adminuser/.cache/uv/sdists-v6/pypi/pandas/2.1.0/rEr_Ve-ooq5_1zV6Z7OVn/src/pandas/_libs/missing.pyx
      [58/151] Compiling C object
      pandas/_libs/tslibs/timezones.cpython-312-x86_64-linux-gnu.so.p/meson-generated_pandas__libs_tslibs_timezones.pyx.c.o
      [59/151] Compiling Cython source
      /home/adminuser/.cache/uv/sdists-v6/pypi/pandas/2.1.0/rEr_Ve-ooq5_1zV6Z7OVn/src/pandas/_libs/algos.pyx
      [60/151] Compiling Cython source
      /home/adminuser/.cache/uv/sdists-v6/pypi/pandas/2.1.0/rEr_Ve-ooq5_1zV6Z7OVn/src/pandas/_libs/lib.pyx
      [61/151] Compiling C object
      pandas/_libs/tslibs/parsing.cpython-312-x86_64-linux-gnu.so.p/meson-generated_pandas__libs_tslibs_parsing.pyx.c.o
      [62/151] Compiling Cython source
      /home/adminuser/.cache/uv/sdists-v6/pypi/pandas/2.1.0/rEr_Ve-ooq5_1zV6Z7OVn/src/pandas/_libs/groupby.pyx
      [63/151] Compiling Cython source
      /home/adminuser/.cache/uv/sdists-v6/pypi/pandas/2.1.0/rEr_Ve-ooq5_1zV6Z7OVn/src/pandas/_libs/interval.pyx
      [64/151] Compiling C object
      pandas/_libs/tslibs/period.cpython-312-x86_64-linux-gnu.so.p/meson-generated_pandas__libs_tslibs_period.pyx.c.o
      [65/151] Compiling Cython source
      /home/adminuser/.cache/uv/sdists-v6/pypi/pandas/2.1.0/rEr_Ve-ooq5_1zV6Z7OVn/src/pandas/_libs/hashtable.pyx
      [66/151] Compiling C object
      pandas/_libs/tslibs/strptime.cpython-312-x86_64-linux-gnu.so.p/meson-generated_pandas__libs_tslibs_strptime.pyx.c.o
      [67/151] Compiling Cython source
      /home/adminuser/.cache/uv/sdists-v6/pypi/pandas/2.1.0/rEr_Ve-ooq5_1zV6Z7OVn/src/pandas/_libs/join.pyx
      [68/151] Compiling C object
      pandas/_libs/tslibs/timestamps.cpython-312-x86_64-linux-gnu.so.p/meson-generated_pandas__libs_tslibs_timestamps.pyx.c.o
      [69/151] Compiling C object
      pandas/_libs/internals.cpython-312-x86_64-linux-gnu.so.p/meson-generated_pandas__libs_internals.pyx.c.o
      [70/151] Compiling C object
      pandas/_libs/tslibs/timedeltas.cpython-312-x86_64-linux-gnu.so.p/meson-generated_pandas__libs_tslibs_timedeltas.pyx.c.o
      [71/151] Compiling C object
      pandas/_libs/tslibs/offsets.cpython-312-x86_64-linux-gnu.so.p/meson-generated_pandas__libs_tslibs_offsets.pyx.c.o
      [72/151] Compiling C object
      pandas/_libs/index.cpython-312-x86_64-linux-gnu.so.p/meson-generated_pandas__libs_index.pyx.c.o
      ninja: build stopped: subcommand failed.

Checking if Streamlit is installed
Installing rich for an improved exception logging
Using uv pip install.
Using Python 3.12.9 environment at /home/adminuser/venv
Audited 1 package in 2ms

â”€â”€â”€â”€â”€â”€â”€â”€â”€â”€â”€â”€â”€â”€â”€â”€â”€â”€â”€â”€â”€â”€â”€â”€â”€â”€â”€â”€â”€â”€â”€â”€â”€â”€â”€â”€â”€â”€â”€â”€â”€â”€â”€â”€â”€â”€â”€â”€â”€â”€â”€â”€â”€â”€â”€â”€â”€â”€â”€â”€â”€â”€â”€â”€â”€â”€â”€â”€â”€â”€â”€â”€â”€â”€â”€â”€â”€â”€â”€â”€â”€â”€â”€â”€â”€â”€â”€â”€


â”€â”€â”€â”€â”€â”€â”€â”€â”€â”€â”€â”€â”€â”€â”€â”€â”€â”€â”€â”€â”€â”€â”€â”€â”€â”€â”€â”€â”€â”€â”€â”€â”€â”€â”€â”€â”€â”€â”€â”€ pip â”€â”€â”€â”€â”€â”€â”€â”€â”€â”€â”€â”€â”€â”€â”€â”€â”€â”€â”€â”€â”€â”€â”€â”€â”€â”€â”€â”€â”€â”€â”€â”€â”€â”€â”€â”€â”€â”€â”€â”€â”€â”€â”€

Using standard pip install.
Collecting streamlit==1.32.0 (from -r /mount/src/neuropredictfrontend/requirements.txt (line 1))
  Downloading streamlit-1.32.0-py2.py3-none-any.whl.metadata (8.5 kB)
Collecting pandas==2.1.0 (from -r /mount/src/neuropredictfrontend/requirements.txt (line 2))
  Downloading pandas-2.1.0.tar.gz (4.3 MB)
     â”â”â”â”â”â”â”â”â”â”â”â”â”â”â”â”â”â”â”â”â”â”â”â”â”â”â”â”â”â”â”â”â”â”â”â”â”â”â”â” 4.3/4.3 MB 55.5 MB/s eta 0:00:00[2025-03-24 07:15:50.048473] 
  Installing build dependencies: started
  Installing build dependencies: finished with status 'done'
  Getting requirements to build wheel: started
  Getting requirements to build wheel: finished with status 'done'
  Installing backend dependencies: started
  Installing backend dependencies: finished with status 'done'
  Preparing metadata (pyproject.toml): started
  Preparing metadata (pyproject.toml): still running...